Using pre-set license
Built from '2021.3/staging' branch; Version is '2021.3.15f1 (e8e88683f834) revision 15263878'; Using compiler version '192829333'; Build Type 'Release'
OS: 'Windows 10  (10.0.19045) 64bit Core' Language: 'ko' Physical Memory: 16322 MB
BatchMode: 1, IsHumanControllingUs: 0, StartBugReporterOnCrash: 0, Is64bit: 1, IsPro: 1

COMMAND LINE ARGUMENTS:
C:\Program Files\Unity 2021.3.15f1\Editor\Unity.exe
-adb2
-batchMode
-noUpm
-name
AssetImportWorker2
-projectPath
C:/git/POPBugi/POPBugi
-logFile
Logs/AssetImportWorker2.log
-srvPort
56718
Successfully changed project path to: C:/git/POPBugi/POPBugi
C:/git/POPBugi/POPBugi
[UnityMemory] Configuration Parameters - Can be set up in boot.config
    "memorysetup-bucket-allocator-granularity=16"
    "memorysetup-bucket-allocator-bucket-count=8"
    "memorysetup-bucket-allocator-block-size=33554432"
    "memorysetup-bucket-allocator-block-count=8"
    "memorysetup-main-allocator-block-size=16777216"
    "memorysetup-thread-allocator-block-size=16777216"
    "memorysetup-gfx-main-allocator-block-size=16777216"
    "memorysetup-gfx-thread-allocator-block-size=16777216"
    "memorysetup-cache-allocator-block-size=4194304"
    "memorysetup-typetree-allocator-block-size=2097152"
    "memorysetup-profiler-bucket-allocator-granularity=16"
    "memorysetup-profiler-bucket-allocator-bucket-count=8"
    "memorysetup-profiler-bucket-allocator-block-size=33554432"
    "memorysetup-profiler-bucket-allocator-block-count=8"
    "memorysetup-profiler-allocator-block-size=16777216"
    "memorysetup-profiler-editor-allocator-block-size=1048576"
    "memorysetup-temp-allocator-size-main=16777216"
    "memorysetup-job-temp-allocator-block-size=2097152"
    "memorysetup-job-temp-allocator-block-size-background=1048576"
    "memorysetup-job-temp-allocator-reduction-small-platforms=262144"
    "memorysetup-temp-allocator-size-background-worker=32768"
    "memorysetup-temp-allocator-size-job-worker=262144"
    "memorysetup-temp-allocator-size-preload-manager=33554432"
    "memorysetup-temp-allocator-size-nav-mesh-worker=65536"
    "memorysetup-temp-allocator-size-audio-worker=65536"
    "memorysetup-temp-allocator-size-cloud-worker=32768"
    "memorysetup-temp-allocator-size-gi-baking-worker=262144"
    "memorysetup-temp-allocator-size-gfx=262144"
Player connection [11748] Host "[IP] 211.63.134.107 [Port] 0 [Flags] 2 [Guid] 3423624561 [EditorId] 3423624561 [Version] 1048832 [Id] WindowsEditor(7,DESKTOP-4UJOGO6) [Debug] 1 [PackageName] WindowsEditor [ProjectName] Editor" joined multi-casting on [225.0.0.222:54997]...

Player connection [11748] Host "[IP] 211.63.134.107 [Port] 0 [Flags] 2 [Guid] 3423624561 [EditorId] 3423624561 [Version] 1048832 [Id] WindowsEditor(7,DESKTOP-4UJOGO6) [Debug] 1 [PackageName] WindowsEditor [ProjectName] Editor" joined alternative multi-casting on [225.0.0.222:34997]...

Refreshing native plugins compatible for Editor in 81.59 ms, found 4 plugins.
Preloading 0 native plugins for Editor in 0.00 ms.
Initialize engine version: 2021.3.15f1 (e8e88683f834)
[Subsystems] Discovering subsystems at path C:/Program Files/Unity 2021.3.15f1/Editor/Data/Resources/UnitySubsystems
[Subsystems] Discovering subsystems at path C:/git/POPBugi/POPBugi/Assets
GfxDevice: creating device client; threaded=0; jobified=0
Direct3D:
    Version:  Direct3D 11.0 [level 11.1]
    Renderer: NVIDIA GeForce GTX 1660 SUPER (ID=0x21c4)
    Vendor:   NVIDIA
    VRAM:     5992 MB
    Driver:   31.0.15.1694
Initialize mono
Mono path[0] = 'C:/Program Files/Unity 2021.3.15f1/Editor/Data/Managed'
Mono path[1] = 'C:/Program Files/Unity 2021.3.15f1/Editor/Data/MonoBleedingEdge/lib/mono/unityjit-win32'
Mono config path = 'C:/Program Files/Unity 2021.3.15f1/Editor/Data/MonoBleedingEdge/etc'
Using monoOptions --debugger-agent=transport=dt_socket,embedding=1,server=y,suspend=n,address=127.0.0.1:56912
Begin MonoManager ReloadAssembly
Registering precompiled unity dll's ...
Register platform support module: C:/Program Files/Unity 2021.3.15f1/Editor/Data/PlaybackEngines/AndroidPlayer/UnityEditor.Android.Extensions.dll
Register platform support module: C:/Program Files/Unity 2021.3.15f1/Editor/Data/PlaybackEngines/iOSSupport/UnityEditor.iOS.Extensions.dll
Register platform support module: C:/Program Files/Unity 2021.3.15f1/Editor/Data/PlaybackEngines/WindowsStandaloneSupport/UnityEditor.WindowsStandalone.Extensions.dll
Registered in 0.251458 seconds.
Native extension for WindowsStandalone target not found
Native extension for iOS target not found
Native extension for Android target not found
Refreshing native plugins compatible for Editor in 80.42 ms, found 4 plugins.
Preloading 0 native plugins for Editor in 0.00 ms.
Mono: successfully reloaded assembly
- Completed reload, in  4.797 seconds
Domain Reload Profiling:
	ReloadAssembly (4798ms)
		BeginReloadAssembly (2939ms)
			ExecutionOrderSort (0ms)
			DisableScriptedObjects (0ms)
			BackupInstance (0ms)
			ReleaseScriptingObjects (0ms)
			CreateAndSetChildDomain (1ms)
		EndReloadAssembly (1296ms)
			LoadAssemblies (2944ms)
			RebuildTransferFunctionScriptingTraits (0ms)
			SetupTypeCache (869ms)
			ReleaseScriptCaches (0ms)
			RebuildScriptCaches (24ms)
			SetupLoadedEditorAssemblies (352ms)
				LogAssemblyErrors (0ms)
				InitializePlatformSupportModulesInManaged (145ms)
				SetLoadedEditorAssemblies (0ms)
				RefreshPlugins (80ms)
				BeforeProcessingInitializeOnLoad (1ms)
				ProcessInitializeOnLoadAttributes (82ms)
				ProcessInitializeOnLoadMethodAttributes (44ms)
				AfterProcessingInitializeOnLoad (0ms)
				EditorAssembliesLoaded (0ms)
			ExecutionOrderSort2 (0ms)
			AwakeInstancesAfterBackupRestoration (0ms)
Platform modules already initialized, skipping
Registering precompiled user dll's ...
Registered in 0.006994 seconds.
Begin MonoManager ReloadAssembly
Native extension for WindowsStandalone target not found
Native extension for iOS target not found
Native extension for Android target not found
Refreshing native plugins compatible for Editor in 81.01 ms, found 4 plugins.
Preloading 0 native plugins for Editor in 0.00 ms.
Mono: successfully reloaded assembly
- Completed reload, in  5.516 seconds
Domain Reload Profiling:
	ReloadAssembly (5517ms)
		BeginReloadAssembly (90ms)
			ExecutionOrderSort (0ms)
			DisableScriptedObjects (5ms)
			BackupInstance (0ms)
			ReleaseScriptingObjects (0ms)
			CreateAndSetChildDomain (16ms)
		EndReloadAssembly (5277ms)
			LoadAssemblies (3292ms)
			RebuildTransferFunctionScriptingTraits (0ms)
			SetupTypeCache (609ms)
			ReleaseScriptCaches (1ms)
			RebuildScriptCaches (46ms)
			SetupLoadedEditorAssemblies (1288ms)
				LogAssemblyErrors (0ms)
				InitializePlatformSupportModulesInManaged (18ms)
				SetLoadedEditorAssemblies (0ms)
				RefreshPlugins (81ms)
				BeforeProcessingInitializeOnLoad (91ms)
				ProcessInitializeOnLoadAttributes (260ms)
				ProcessInitializeOnLoadMethodAttributes (833ms)
				AfterProcessingInitializeOnLoad (6ms)
				EditorAssembliesLoaded (0ms)
			ExecutionOrderSort2 (0ms)
			AwakeInstancesAfterBackupRestoration (6ms)
Platform modules already initialized, skipping
========================================================================
Worker process is ready to serve import requests
Launched and connected shader compiler UnityShaderCompiler.exe after 0.06 seconds
Refreshing native plugins compatible for Editor in 0.66 ms, found 4 plugins.
Preloading 0 native plugins for Editor in 0.00 ms.
Unloading 4045 Unused Serialized files (Serialized files now loaded: 0)
Unloading 44 unused Assets / (229.0 KB). Loaded Objects now: 4497.
Memory consumption went from 150.7 MB to 150.5 MB.
Total: 3.383900 ms (FindLiveObjects: 0.311000 ms CreateObjectMapping: 0.263400 ms MarkObjects: 2.678300 ms  DeleteObjects: 0.130400 ms)

AssetImportParameters requested are different than current active one (requested -> active):
  custom:video-decoder-ogg-theora: a1e56fd34408186e4bbccfd4996cb3dc -> 
  custom:container-muxer-webm: aa71ff27fc2769a1b78a27578f13a17b -> 
  custom:container-demuxer-webm: 4f35f7cbe854078d1ac9338744f61a02 -> 
  custom:video-encoder-webm-vp8: eb34c28f22e8b96e1ab97ce403110664 -> 
  custom:audio-encoder-webm-vorbis: bf7c407c2cedff20999df2af8eb42d56 -> 
  custom:framework-win-MediaFoundation: 216162199b28c13a410421893ffa2e32 -> 
  custom:container-demuxer-ogg: 62fdf1f143b41e24485cea50d1cbac27 -> 
  custom:video-decoder-webm-vp8: 9c59270c3fd7afecdb556c50c9e8de78 -> 
  custom:audio-decoder-ogg-vorbis: bf7c407c2cedff20999df2af8eb42d56 -> 
========================================================================
Received Import Request.
  Time since last request: 6270.967486 seconds.
  path: Packages/com.unity.2d.spriteshape/Editor/ObjectMenuCreation/DefaultAssets/Sprite Shapes/Closed Sprite Shape.prefab
  artifactKey: Guid(c0583b4e855c74b8c82e7b9b5efb5ce9) Importer(815301076,1909f56bfc062723c751e8b465ee728b)
Start importing Packages/com.unity.2d.spriteshape/Editor/ObjectMenuCreation/DefaultAssets/Sprite Shapes/Closed Sprite Shape.prefab using Guid(c0583b4e855c74b8c82e7b9b5efb5ce9) Importer(815301076,1909f56bfc062723c751e8b465ee728b)  -> (artifact id: 'b0e0d64d8fff2998508adcc2a708433f') in 0.130070 seconds 
========================================================================
Received Import Request.
  Time since last request: 5.665958 seconds.
  path: Assets/Scenes/LoginScene.unity
  artifactKey: Guid(fe256def40ab46f49904d3139b11d4e2) Importer(815301076,1909f56bfc062723c751e8b465ee728b)
Start importing Assets/Scenes/LoginScene.unity using Guid(fe256def40ab46f49904d3139b11d4e2) Importer(815301076,1909f56bfc062723c751e8b465ee728b)  -> (artifact id: 'cac3c1c5bea47835617f4cbcf00d59b6') in 0.003978 seconds 
========================================================================
Received Import Request.
  Time since last request: 1.348793 seconds.
  path: Assets/Scenes/MainScene.unity
  artifactKey: Guid(2cda990e2423bbf4892e6590ba056729) Importer(815301076,1909f56bfc062723c751e8b465ee728b)
Start importing Assets/Scenes/MainScene.unity using Guid(2cda990e2423bbf4892e6590ba056729) Importer(815301076,1909f56bfc062723c751e8b465ee728b)  -> (artifact id: '9f0d796ee87b75238d3b341c30b0517b') in 0.003955 seconds 
========================================================================
Received Import Request.
  Time since last request: 313.710715 seconds.
  path: Assets/images/KakaoTalk_20221218_015319698.png
  artifactKey: Guid(0deff759b4c4f9c479868bca1c9455c6) Importer(815301076,1909f56bfc062723c751e8b465ee728b)
Start importing Assets/images/KakaoTalk_20221218_015319698.png using Guid(0deff759b4c4f9c479868bca1c9455c6) Importer(815301076,1909f56bfc062723c751e8b465ee728b)  -> (artifact id: '5a5e01b2d2f7445c53eb8ade5d0f46a0') in 0.270608 seconds 
========================================================================
Received Import Request.
  Time since last request: 0.000019 seconds.
  path: Assets/images/KakaoTalk_20221218_015319854.png
  artifactKey: Guid(c079a7f1b3040854190ddaab44c77ff1) Importer(815301076,1909f56bfc062723c751e8b465ee728b)
Start importing Assets/images/KakaoTalk_20221218_015319854.png using Guid(c079a7f1b3040854190ddaab44c77ff1) Importer(815301076,1909f56bfc062723c751e8b465ee728b)  -> (artifact id: '14154f27dc17037167e691b1c1000fcb') in 0.151767 seconds 
========================================================================
Received Import Request.
  Time since last request: 35.273731 seconds.
  path: Assets/images/구글.png
  artifactKey: Guid(0deff759b4c4f9c479868bca1c9455c6) Importer(815301076,1909f56bfc062723c751e8b465ee728b)
Start importing Assets/images/구글.png using Guid(0deff759b4c4f9c479868bca1c9455c6) Importer(815301076,1909f56bfc062723c751e8b465ee728b)  -> (artifact id: '2bb208b549d3e3a5666be11f5fcee1be') in 0.176284 seconds 
========================================================================
Received Import Request.
  Time since last request: 3.564230 seconds.
  path: Assets/images/카톡.png
  artifactKey: Guid(7675c413aaf8f444baf2304199702219) Importer(815301076,1909f56bfc062723c751e8b465ee728b)
Start importing Assets/images/카톡.png using Guid(7675c413aaf8f444baf2304199702219) Importer(815301076,1909f56bfc062723c751e8b465ee728b)  -> (artifact id: 'c734e2db33d71e4da0f9172ea6b1a683') in 0.163850 seconds 
========================================================================
Received Import Request.
  Time since last request: 5.488495 seconds.
  path: Assets/images/네이버.png
  artifactKey: Guid(c079a7f1b3040854190ddaab44c77ff1) Importer(815301076,1909f56bfc062723c751e8b465ee728b)
Start importing Assets/images/네이버.png using Guid(c079a7f1b3040854190ddaab44c77ff1) Importer(815301076,1909f56bfc062723c751e8b465ee728b)  -> (artifact id: 'ab6f3794c16187e82e2ac16be2f3d230') in 0.160675 seconds 
========================================================================
Received Import Request.
  Time since last request: 582.003217 seconds.
  path: Assets/images/네모.png
  artifactKey: Guid(35a1d6237b2a7e5459b2bbb13e3a7981) Importer(815301076,1909f56bfc062723c751e8b465ee728b)
Start importing Assets/images/네모.png using Guid(35a1d6237b2a7e5459b2bbb13e3a7981) Importer(815301076,1909f56bfc062723c751e8b465ee728b)  -> (artifact id: 'f29ed739789ecf9142bd9be20d0e685b') in 0.051331 seconds 
========================================================================
Received Import Request.
  Time since last request: 743.079842 seconds.
  path: Assets/images/googlelogin.png
  artifactKey: Guid(cd60cb6823537c14288e0e3079b5ff50) Importer(815301076,1909f56bfc062723c751e8b465ee728b)
Start importing Assets/images/googlelogin.png using Guid(cd60cb6823537c14288e0e3079b5ff50) Importer(815301076,1909f56bfc062723c751e8b465ee728b)  -> (artifact id: 'ae5045ffaa6e95d407e12f0777c6ef4d') in 0.032884 seconds 
========================================================================
Received Import Request.
  Time since last request: 163.255250 seconds.
  path: Assets/images/KakaoTalk_20221218_021742417.png
  artifactKey: Guid(bfe4ee3623a64e649b65a5e4fce001de) Importer(815301076,1909f56bfc062723c751e8b465ee728b)
Start importing Assets/images/KakaoTalk_20221218_021742417.png using Guid(bfe4ee3623a64e649b65a5e4fce001de) Importer(815301076,1909f56bfc062723c751e8b465ee728b)  -> (artifact id: 'b481e0ea281d531c77392aa810a75e97') in 0.162693 seconds 
========================================================================
Received Import Request.
  Time since last request: 0.000015 seconds.
  path: Assets/images/KakaoTalk_20221218_021742623.png
  artifactKey: Guid(1d6d1eb670bf0c44b915c1659d709729) Importer(815301076,1909f56bfc062723c751e8b465ee728b)
Start importing Assets/images/KakaoTalk_20221218_021742623.png using Guid(1d6d1eb670bf0c44b915c1659d709729) Importer(815301076,1909f56bfc062723c751e8b465ee728b)  -> (artifact id: '9ee0f762409012a7514939eed574cac0') in 0.139640 seconds 
========================================================================
Received Import Request.
  Time since last request: 10.589330 seconds.
  path: Assets/images/구글로그인.png
  artifactKey: Guid(bfe4ee3623a64e649b65a5e4fce001de) Importer(815301076,1909f56bfc062723c751e8b465ee728b)
Start importing Assets/images/구글로그인.png using Guid(bfe4ee3623a64e649b65a5e4fce001de) Importer(815301076,1909f56bfc062723c751e8b465ee728b)  -> (artifact id: '50505e9b55dcef1990aefc7c21e200e6') in 0.168528 seconds 
========================================================================
Received Import Request.
  Time since last request: 13.273749 seconds.
  path: Assets/images/카카오로그인.png
  artifactKey: Guid(a050e8c974248a2448ceef84f5ea834a) Importer(815301076,1909f56bfc062723c751e8b465ee728b)
Start importing Assets/images/카카오로그인.png using Guid(a050e8c974248a2448ceef84f5ea834a) Importer(815301076,1909f56bfc062723c751e8b465ee728b)  -> (artifact id: '88de51f0a0fa01be024575d29d8cf96f') in 0.153115 seconds 
========================================================================
Received Import Request.
  Time since last request: 4.617105 seconds.
  path: Assets/images/네이버로그인.png
  artifactKey: Guid(1d6d1eb670bf0c44b915c1659d709729) Importer(815301076,1909f56bfc062723c751e8b465ee728b)
Start importing Assets/images/네이버로그인.png using Guid(1d6d1eb670bf0c44b915c1659d709729) Importer(815301076,1909f56bfc062723c751e8b465ee728b)  -> (artifact id: '64b10f677cf6da854c54b61a984c6d43') in 0.157794 seconds 
========================================================================
Received Import Request.
  Time since last request: 10.196651 seconds.
  path: Packages/com.unity.collab-proxy/Editor/PlasticSCM/Assets/Images/buttonssosigningoogle.png
  artifactKey: Guid(f09eae8c0ea04254b90c5386a034a225) Importer(815301076,1909f56bfc062723c751e8b465ee728b)
Start importing Packages/com.unity.collab-proxy/Editor/PlasticSCM/Assets/Images/buttonssosigningoogle.png using Guid(f09eae8c0ea04254b90c5386a034a225) Importer(815301076,1909f56bfc062723c751e8b465ee728b)  -> (artifact id: '971d2dbe034db0350e1bb0f5c18b3391') in 0.014195 seconds 
========================================================================
Received Import Request.
  Time since last request: 0.033506 seconds.
  path: Packages/com.unity.2d.animation/Editor/Assets/SkinningModule/Icons/Light/character_Mode.png
  artifactKey: Guid(d4d64a6cd9624c34a815dd79fb2a20a4) Importer(815301076,1909f56bfc062723c751e8b465ee728b)
Start importing Packages/com.unity.2d.animation/Editor/Assets/SkinningModule/Icons/Light/character_Mode.png using Guid(d4d64a6cd9624c34a815dd79fb2a20a4) Importer(815301076,1909f56bfc062723c751e8b465ee728b)  -> (artifact id: 'c29cad9aa75071defb37abe9d9d42915') in 0.026091 seconds 
========================================================================
Received Import Request.
  Time since last request: 0.191441 seconds.
  path: Packages/com.unity.2d.animation/Editor/Assets/SkinningModule/Icons/Light/character_Mode@2x.png
  artifactKey: Guid(25096ce515c063c48a2bd6b108c95912) Importer(815301076,1909f56bfc062723c751e8b465ee728b)
Start importing Packages/com.unity.2d.animation/Editor/Assets/SkinningModule/Icons/Light/character_Mode@2x.png using Guid(25096ce515c063c48a2bd6b108c95912) Importer(815301076,1909f56bfc062723c751e8b465ee728b)  -> (artifact id: 'b16ffaec72555e587e7066c2898c725d') in 0.015026 seconds 
========================================================================
Received Import Request.
  Time since last request: 0.010566 seconds.
  path: Packages/com.unity.2d.animation/Editor/Assets/SkinningModule/Icons/Light/character_Mode@3x.png
  artifactKey: Guid(17fa84703485d314b8d6b5216987d4b1) Importer(815301076,1909f56bfc062723c751e8b465ee728b)
Start importing Packages/com.unity.2d.animation/Editor/Assets/SkinningModule/Icons/Light/character_Mode@3x.png using Guid(17fa84703485d314b8d6b5216987d4b1) Importer(815301076,1909f56bfc062723c751e8b465ee728b)  -> (artifact id: '2668f85c4a711926844ad04257424b75') in 0.015742 seconds 
========================================================================
Received Import Request.
  Time since last request: 0.000016 seconds.
  path: Packages/com.unity.2d.animation/Editor/Assets/SkinningModule/Icons/Selected/character_Mode@4x.png
  artifactKey: Guid(0ccc508108fa6ed4fa11b4a467d7f609) Importer(815301076,1909f56bfc062723c751e8b465ee728b)
Start importing Packages/com.unity.2d.animation/Editor/Assets/SkinningModule/Icons/Selected/character_Mode@4x.png using Guid(0ccc508108fa6ed4fa11b4a467d7f609) Importer(815301076,1909f56bfc062723c751e8b465ee728b)  -> (artifact id: '440756f5e7c20ab39257397f2b64a479') in 0.019518 seconds 
========================================================================
Received Import Request.
  Time since last request: 0.000015 seconds.
  path: Packages/com.unity.2d.animation/Editor/Assets/SkinningModule/Icons/Selected/Copy.png
  artifactKey: Guid(678095381d851334fb550c5032ba1a81) Importer(815301076,1909f56bfc062723c751e8b465ee728b)
Start importing Packages/com.unity.2d.animation/Editor/Assets/SkinningModule/Icons/Selected/Copy.png using Guid(678095381d851334fb550c5032ba1a81) Importer(815301076,1909f56bfc062723c751e8b465ee728b)  -> (artifact id: 'a9fda21d7140915741040363da32d184') in 0.040081 seconds 
========================================================================
Received Import Request.
  Time since last request: 0.000021 seconds.
  path: Packages/com.unity.2d.animation/Editor/Assets/SkinningModule/Icons/Light/Copy@2x.png
  artifactKey: Guid(2e0cf451cb3d56742aad87ea75993209) Importer(815301076,1909f56bfc062723c751e8b465ee728b)
Start importing Packages/com.unity.2d.animation/Editor/Assets/SkinningModule/Icons/Light/Copy@2x.png using Guid(2e0cf451cb3d56742aad87ea75993209) Importer(815301076,1909f56bfc062723c751e8b465ee728b)  -> (artifact id: 'afda96faed96b4d954661e499f484e27') in 0.015023 seconds 
========================================================================
Received Import Request.
  Time since last request: 1.705204 seconds.
  path: Packages/com.unity.2d.animation/Editor/Assets/SkinningModule/Icons/Light/Copy@3x.png
  artifactKey: Guid(55ad4b6109677be42b239f450ce98c29) Importer(815301076,1909f56bfc062723c751e8b465ee728b)
Start importing Packages/com.unity.2d.animation/Editor/Assets/SkinningModule/Icons/Light/Copy@3x.png using Guid(55ad4b6109677be42b239f450ce98c29) Importer(815301076,1909f56bfc062723c751e8b465ee728b)  -> (artifact id: '7710207a02f783cfe787a7f10db0fdc5') in 0.014254 seconds 
========================================================================
Received Import Request.
  Time since last request: 0.253778 seconds.
  path: Packages/com.unity.2d.animation/Editor/Assets/SkinningModule/Icons/Selected/Copy@4x.png
  artifactKey: Guid(b6a96c7c65795c94abf54a62adbf5c38) Importer(815301076,1909f56bfc062723c751e8b465ee728b)
Start importing Packages/com.unity.2d.animation/Editor/Assets/SkinningModule/Icons/Selected/Copy@4x.png using Guid(b6a96c7c65795c94abf54a62adbf5c38) Importer(815301076,1909f56bfc062723c751e8b465ee728b)  -> (artifact id: 'e55c4ae3649fd8f7f419b3e9741b6436') in 0.014246 seconds 
========================================================================
Received Import Request.
  Time since last request: 0.000014 seconds.
  path: Packages/com.unity.2d.animation/Editor/Assets/SkinningModule/Icons/Selected/Create Bones.png
  artifactKey: Guid(7b86a539750e1a44ca7ec5b7f690babd) Importer(815301076,1909f56bfc062723c751e8b465ee728b)
Start importing Packages/com.unity.2d.animation/Editor/Assets/SkinningModule/Icons/Selected/Create Bones.png using Guid(7b86a539750e1a44ca7ec5b7f690babd) Importer(815301076,1909f56bfc062723c751e8b465ee728b)  -> (artifact id: '290a906eecc1967045a78a0d3a98d13e') in 0.013288 seconds 
========================================================================
Received Import Request.
  Time since last request: 0.006235 seconds.
  path: Packages/com.unity.2d.animation/Editor/Assets/SkinningModule/Icons/Light/Create Bones@2x.png
  artifactKey: Guid(03976b6af3289c0409a55e2c4eab4087) Importer(815301076,1909f56bfc062723c751e8b465ee728b)
Start importing Packages/com.unity.2d.animation/Editor/Assets/SkinningModule/Icons/Light/Create Bones@2x.png using Guid(03976b6af3289c0409a55e2c4eab4087) Importer(815301076,1909f56bfc062723c751e8b465ee728b)  -> (artifact id: '058786248475688fd57e67a476b4027d') in 0.013474 seconds 
========================================================================
Received Import Request.
  Time since last request: 0.000013 seconds.
  path: Packages/com.unity.2d.animation/Editor/Assets/SkinningModule/Icons/Selected/Create Bones@3x.png
  artifactKey: Guid(7835bec40f86c2c4fb3f91a6eb3b7034) Importer(815301076,1909f56bfc062723c751e8b465ee728b)
Start importing Packages/com.unity.2d.animation/Editor/Assets/SkinningModule/Icons/Selected/Create Bones@3x.png using Guid(7835bec40f86c2c4fb3f91a6eb3b7034) Importer(815301076,1909f56bfc062723c751e8b465ee728b)  -> (artifact id: '47e45631fa07d3be1abdcfcdb069e5e7') in 0.013456 seconds 
========================================================================
Received Import Request.
  Time since last request: 0.000014 seconds.
  path: Packages/com.unity.2d.animation/Editor/Assets/SkinningModule/Icons/Light/Create Bones@3x.png
  artifactKey: Guid(803b0b9bfc1fd824aae8423bfbab83b4) Importer(815301076,1909f56bfc062723c751e8b465ee728b)
Start importing Packages/com.unity.2d.animation/Editor/Assets/SkinningModule/Icons/Light/Create Bones@3x.png using Guid(803b0b9bfc1fd824aae8423bfbab83b4) Importer(815301076,1909f56bfc062723c751e8b465ee728b)  -> (artifact id: '5d133b052785fb06b3737044fd535dc0') in 0.012257 seconds 
========================================================================
Received Import Request.
  Time since last request: 4.862499 seconds.
  path: Packages/com.unity.2d.sprite/Editor/ObjectMenuCreation/DefaultAssets/Textures/CapsuleWithBorder.png
  artifactKey: Guid(34587324d412940a79d530020c957dc0) Importer(815301076,1909f56bfc062723c751e8b465ee728b)
Start importing Packages/com.unity.2d.sprite/Editor/ObjectMenuCreation/DefaultAssets/Textures/CapsuleWithBorder.png using Guid(34587324d412940a79d530020c957dc0) Importer(815301076,1909f56bfc062723c751e8b465ee728b)  -> (artifact id: '6a0fa214f5f35d0d27c640fb3128cb71') in 0.024584 seconds 
========================================================================
Received Import Request.
  Time since last request: 394.546945 seconds.
  path: Assets/images/소셜로그인.png
  artifactKey: Guid(99571b92be0af9543accb9c4b8f2a702) Importer(815301076,1909f56bfc062723c751e8b465ee728b)
Start importing Assets/images/소셜로그인.png using Guid(99571b92be0af9543accb9c4b8f2a702) Importer(815301076,1909f56bfc062723c751e8b465ee728b)  -> (artifact id: 'c500f7240f7f4e17c66df166170ad241') in 0.016846 seconds 
========================================================================
Received Import Request.
  Time since last request: 447.059449 seconds.
  path: Assets/images/로그인.png
  artifactKey: Guid(3d8172d5a78077845b07d79c88677b2f) Importer(815301076,1909f56bfc062723c751e8b465ee728b)
Start importing Assets/images/로그인.png using Guid(3d8172d5a78077845b07d79c88677b2f) Importer(815301076,1909f56bfc062723c751e8b465ee728b)  -> (artifact id: '283b24bb90b83eeca842ae846579a61a') in 0.022951 seconds 
